<?xml version="1.0" encoding="UTF-8"?>
<!-- Generated by org.testng.reporters.JUnitReportReporter -->
<testsuite hostname="Vyro-MacBook.local" failures="0" tests="20" name="Testcases.Recording_bg" time="1903.516" errors="1" timestamp="2021-05-26T17:20:59 PKT" skipped="0">
  <testcase classname="Testcases.Recording_bg" name="K_Testcase11" time="69.653"/>
  <system-out/>
  <testcase classname="Testcases.Recording_bg" name="H_Testcase8" time="98.865"/>
  <system-out/>
  <testcase classname="Testcases.Recording_bg" name="S_Testcase19" time="52.899"/>
  <system-out/>
  <testcase classname="Testcases.Recording_bg" name="D_Testcase4" time="112.064"/>
  <system-out/>
  <testcase classname="Testcases.Recording_bg" name="Q_Testcase17" time="67.630"/>
  <system-out/>
  <testcase classname="Testcases.Recording_bg" name="P_Testcase16" time="111.891"/>
  <system-out/>
  <testcase classname="Testcases.Recording_bg" name="J_Testcase10" time="104.209"/>
  <system-out/>
  <testcase classname="Testcases.Recording_bg" name="F_Testcase6" time="83.874"/>
  <system-out/>
  <testcase classname="Testcases.Recording_bg" name="teardown" time="49.767">
    <error message="com.applitools.eyes.exceptions.DiffsFoundException: Test &#039;BGchanger5&#039; of &#039;BGchanger5&#039; detected differences! See details at: https://eyes.applitools.com/app/batches/00000251780271050690/00000251780271050564?accountId=H1M6MO4DQEKEy0R5D_mE5g~~" type="java.lang.Error">
      <![CDATA[java.lang.Error: com.applitools.eyes.exceptions.DiffsFoundException: Test 'BGchanger5' of 'BGchanger5' detected differences! See details at: https://eyes.applitools.com/app/batches/00000251780271050690/00000251780271050564?accountId=H1M6MO4DQEKEy0R5D_mE5g~~
at com.applitools.eyes.selenium.SeleniumEyes.close(SeleniumEyes.java:1759)
at com.applitools.eyes.selenium.Eyes.close(Eyes.java:478)
at com.applitools.eyes.selenium.Eyes.close(Eyes.java:198)
at Testcases.Recording_bg.teardown(Recording_bg.java:969)
at java.base/jdk.internal.reflect.NativeMethodAccessorImpl.invoke0(Native Method)
at java.base/jdk.internal.reflect.NativeMethodAccessorImpl.invoke(NativeMethodAccessorImpl.java:64)
at java.base/jdk.internal.reflect.DelegatingMethodAccessorImpl.invoke(DelegatingMethodAccessorImpl.java:43)
at java.base/java.lang.reflect.Method.invoke(Method.java:564)
at org.testng.internal.MethodInvocationHelper.invokeMethod(MethodInvocationHelper.java:133)
at org.testng.internal.MethodInvocationHelper.invokeMethodConsideringTimeout(MethodInvocationHelper.java:62)
at org.testng.internal.ConfigInvoker.invokeConfigurationMethod(ConfigInvoker.java:385)
at org.testng.internal.ConfigInvoker.invokeConfigurations(ConfigInvoker.java:321)
at org.testng.internal.TestMethodWorker.invokeAfterClassMethods(TestMethodWorker.java:217)
at org.testng.internal.TestMethodWorker.run(TestMethodWorker.java:130)
at java.base/java.util.ArrayList.forEach(ArrayList.java:1511)
at org.testng.TestRunner.privateRun(TestRunner.java:794)
at org.testng.TestRunner.run(TestRunner.java:596)
at org.testng.SuiteRunner.runTest(SuiteRunner.java:377)
at org.testng.SuiteRunner.runSequentially(SuiteRunner.java:371)
at org.testng.SuiteRunner.privateRun(SuiteRunner.java:332)
at org.testng.SuiteRunner.run(SuiteRunner.java:276)
at org.testng.SuiteRunnerWorker.runSuite(SuiteRunnerWorker.java:53)
at org.testng.SuiteRunnerWorker.run(SuiteRunnerWorker.java:96)
at org.testng.TestNG.runSuitesSequentially(TestNG.java:1212)
at org.testng.TestNG.runSuitesLocally(TestNG.java:1134)
at org.testng.TestNG.runSuites(TestNG.java:1063)
at org.testng.TestNG.run(TestNG.java:1031)
at org.testng.remote.AbstractRemoteTestNG.run(AbstractRemoteTestNG.java:115)
at org.testng.remote.RemoteTestNG.initAndRun(RemoteTestNG.java:251)
at org.testng.remote.RemoteTestNG.main(RemoteTestNG.java:77)
Caused by: com.applitools.eyes.exceptions.DiffsFoundException: Test 'BGchanger5' of 'BGchanger5' detected differences! See details at: https://eyes.applitools.com/app/batches/00000251780271050690/00000251780271050564?accountId=H1M6MO4DQEKEy0R5D_mE5g~~
at com.applitools.eyes.EyesBase.logSessionResultsAndThrowException(EyesBase.java:560)
at com.applitools.eyes.RunningTest.closeCompleted(RunningTest.java:87)
at com.applitools.eyes.selenium.SeleniumEyes.close(SeleniumEyes.java:1751)
... 29 more
]]>
    </error>
  </testcase> <!-- teardown -->
  <system-out/>
  <testcase classname="Testcases.Recording_bg" name="G_Testcase7" time="110.629"/>
  <system-out/>
  <testcase classname="Testcases.Recording_bg" name="O_Testcase15" time="81.456"/>
  <system-out/>
  <testcase classname="Testcases.Recording_bg" name="L_Testcase12" time="62.887"/>
  <system-out/>
  <testcase classname="Testcases.Recording_bg" name="R_Testcase18" time="60.894"/>
  <system-out/>
  <testcase classname="Testcases.Recording_bg" name="B_Testcase2" time="123.646"/>
  <system-out/>
  <testcase classname="Testcases.Recording_bg" name="N_Testcase14" time="92.168"/>
  <system-out/>
  <testcase classname="Testcases.Recording_bg" name="E_Testcase5" time="114.020"/>
  <system-out/>
  <testcase classname="Testcases.Recording_bg" name="I_Testcase9" time="94.237"/>
  <system-out/>
  <testcase classname="Testcases.Recording_bg" name="M_Testcase13" time="269.109"/>
  <system-out/>
  <testcase classname="Testcases.Recording_bg" name="C_Testcase3" time="70.573"/>
  <system-out/>
  <testcase classname="Testcases.Recording_bg" name="A_Testcase1" time="73.045"/>
  <system-out/>
</testsuite> <!-- Testcases.Recording_bg -->
