<?xml version="1.0" encoding="UTF-8"?>
<!-- Generated by org.testng.reporters.JUnitReportReporter -->
<testsuite hostname="Vyro-MacBook.local" failures="0" tests="2" name="Testcases.Magazine_bg" time="276.251" errors="1" timestamp="2021-05-26T17:20:59 PKT" skipped="0">
  <testcase classname="Testcases.Magazine_bg" name="teardown" time="23.298">
    <error message="com.applitools.eyes.exceptions.DiffsFoundException: Test &#039;BGchanger5&#039; of &#039;BGchanger5&#039; detected differences! See details at: https://eyes.applitools.com/app/batches/00000251780271643911/00000251780271643724?accountId=H1M6MO4DQEKEy0R5D_mE5g~~" type="java.lang.Error">
      <![CDATA[java.lang.Error: com.applitools.eyes.exceptions.DiffsFoundException: Test 'BGchanger5' of 'BGchanger5' detected differences! See details at: https://eyes.applitools.com/app/batches/00000251780271643911/00000251780271643724?accountId=H1M6MO4DQEKEy0R5D_mE5g~~
at com.applitools.eyes.selenium.SeleniumEyes.close(SeleniumEyes.java:1759)
at com.applitools.eyes.selenium.Eyes.close(Eyes.java:478)
at com.applitools.eyes.selenium.Eyes.close(Eyes.java:198)
at Testcases.Magazine_bg.teardown(Magazine_bg.java:109)
at java.base/jdk.internal.reflect.NativeMethodAccessorImpl.invoke0(Native Method)
at java.base/jdk.internal.reflect.NativeMethodAccessorImpl.invoke(NativeMethodAccessorImpl.java:64)
at java.base/jdk.internal.reflect.DelegatingMethodAccessorImpl.invoke(DelegatingMethodAccessorImpl.java:43)
at java.base/java.lang.reflect.Method.invoke(Method.java:564)
at org.testng.internal.MethodInvocationHelper.invokeMethod(MethodInvocationHelper.java:133)
at org.testng.internal.MethodInvocationHelper.invokeMethodConsideringTimeout(MethodInvocationHelper.java:62)
at org.testng.internal.ConfigInvoker.invokeConfigurationMethod(ConfigInvoker.java:385)
at org.testng.internal.ConfigInvoker.invokeConfigurations(ConfigInvoker.java:321)
at org.testng.internal.TestMethodWorker.invokeAfterClassMethods(TestMethodWorker.java:217)
at org.testng.internal.TestMethodWorker.run(TestMethodWorker.java:130)
at java.base/java.util.ArrayList.forEach(ArrayList.java:1511)
at org.testng.TestRunner.privateRun(TestRunner.java:794)
at org.testng.TestRunner.run(TestRunner.java:596)
at org.testng.SuiteRunner.runTest(SuiteRunner.java:377)
at org.testng.SuiteRunner.runSequentially(SuiteRunner.java:371)
at org.testng.SuiteRunner.privateRun(SuiteRunner.java:332)
at org.testng.SuiteRunner.run(SuiteRunner.java:276)
at org.testng.SuiteRunnerWorker.runSuite(SuiteRunnerWorker.java:53)
at org.testng.SuiteRunnerWorker.run(SuiteRunnerWorker.java:96)
at org.testng.TestNG.runSuitesSequentially(TestNG.java:1212)
at org.testng.TestNG.runSuitesLocally(TestNG.java:1134)
at org.testng.TestNG.runSuites(TestNG.java:1063)
at org.testng.TestNG.run(TestNG.java:1031)
at org.testng.remote.AbstractRemoteTestNG.run(AbstractRemoteTestNG.java:115)
at org.testng.remote.RemoteTestNG.initAndRun(RemoteTestNG.java:251)
at org.testng.remote.RemoteTestNG.main(RemoteTestNG.java:77)
Caused by: com.applitools.eyes.exceptions.DiffsFoundException: Test 'BGchanger5' of 'BGchanger5' detected differences! See details at: https://eyes.applitools.com/app/batches/00000251780271643911/00000251780271643724?accountId=H1M6MO4DQEKEy0R5D_mE5g~~
at com.applitools.eyes.EyesBase.logSessionResultsAndThrowException(EyesBase.java:560)
at com.applitools.eyes.RunningTest.closeCompleted(RunningTest.java:87)
at com.applitools.eyes.selenium.SeleniumEyes.close(SeleniumEyes.java:1751)
... 29 more
]]>
    </error>
  </testcase> <!-- teardown -->
  <system-out/>
  <testcase classname="Testcases.Magazine_bg" name="A_Testcase1" time="252.953"/>
  <system-out/>
</testsuite> <!-- Testcases.Magazine_bg -->
